{
"/home/jeff/cf/401/week-9/eventure-server/lib/promise.js":{"path":"/home/jeff/cf/401/week-9/eventure-server/lib/promise.js","s":{"1":1},"b":{"1":[1,0]},"f":{},"fnMap":{},"statementMap":{"1":{"start":{"line":1,"column":0},"end":{"line":1,"column":82}}},"branchMap":{"1":{"line":1,"type":"cond-expr","locations":[{"start":{"line":1,"column":52},"end":{"line":1,"column":59}},{"start":{"line":1,"column":62},"end":{"line":1,"column":81}}]}},"l":{"1":1}},
"/home/jeff/cf/401/week-9/eventure-server/lib/error-handler.js":{"path":"/home/jeff/cf/401/week-9/eventure-server/lib/error-handler.js","s":{"1":1,"2":4,"3":4,"4":4,"5":4,"6":0},"b":{"1":[4,0]},"f":{"1":4},"fnMap":{"1":{"name":"(anonymous_1)","line":3,"loc":{"start":{"line":3,"column":17},"end":{"line":3,"column":47}}}},"statementMap":{"1":{"start":{"line":3,"column":0},"end":{"line":11,"column":2}},"2":{"start":{"line":4,"column":2},"end":{"line":4,"column":21}},"3":{"start":{"line":5,"column":2},"end":{"line":10,"column":3}},"4":{"start":{"line":6,"column":4},"end":{"line":6,"column":42}},"5":{"start":{"line":7,"column":4},"end":{"line":7,"column":11}},"6":{"start":{"line":9,"column":4},"end":{"line":9,"column":52}}},"branchMap":{"1":{"line":5,"type":"if","locations":[{"start":{"line":5,"column":2},"end":{"line":5,"column":2}},{"start":{"line":5,"column":2},"end":{"line":5,"column":2}}]}},"l":{"3":1,"4":4,"5":4,"6":4,"7":4,"9":0}},
"/home/jeff/cf/401/week-9/eventure-server/routes/auth-router.js":{"path":"/home/jeff/cf/401/week-9/eventure-server/routes/auth-router.js","s":{"1":1,"2":1,"3":1,"4":1,"5":1,"6":1,"7":1,"8":1,"9":1,"10":1,"11":2,"12":1},"b":{},"f":{},"fnMap":{},"statementMap":{"1":{"start":{"line":3,"column":0},"end":{"line":3,"column":41}},"2":{"start":{"line":4,"column":0},"end":{"line":4,"column":49}},"3":{"start":{"line":5,"column":0},"end":{"line":5,"column":60}},"4":{"start":{"line":6,"column":0},"end":{"line":6,"column":45}},"5":{"start":{"line":7,"column":0},"end":{"line":7,"column":40}},"6":{"start":{"line":8,"column":0},"end":{"line":8,"column":40}},"7":{"start":{"line":10,"column":0},"end":{"line":14,"column":3}},"8":{"start":{"line":11,"column":2},"end":{"line":13,"column":15}},"9":{"start":{"line":12,"column":20},"end":{"line":12,"column":38}},"10":{"start":{"line":16,"column":0},"end":{"line":20,"column":3}},"11":{"start":{"line":17,"column":2},"end":{"line":19,"column":15}},"12":{"start":{"line":18,"column":20},"end":{"line":18,"column":38}}},"branchMap":{},"l":{"3":1,"4":1,"5":1,"6":1,"7":1,"8":1,"10":1,"11":1,"12":1,"16":1,"17":2,"18":1}},
"/home/jeff/cf/401/week-9/eventure-server/lib/auth-basic-parser.js":{"path":"/home/jeff/cf/401/week-9/eventure-server/lib/auth-basic-parser.js","s":{"1":1,"2":1,"3":2,"4":2,"5":2,"6":2,"7":2,"8":2,"9":2,"10":2,"11":0,"12":2},"b":{"1":[0,2],"2":[2,2]},"f":{"1":2},"fnMap":{"1":{"name":"(anonymous_1)","line":5,"loc":{"start":{"line":5,"column":17},"end":{"line":5,"column":42}}}},"statementMap":{"1":{"start":{"line":3,"column":0},"end":{"line":3,"column":41}},"2":{"start":{"line":5,"column":0},"end":{"line":22,"column":2}},"3":{"start":{"line":6,"column":2},"end":{"line":6,"column":41}},"4":{"start":{"line":7,"column":2},"end":{"line":7,"column":41}},"5":{"start":{"line":8,"column":2},"end":{"line":8,"column":53}},"6":{"start":{"line":9,"column":2},"end":{"line":9,"column":41}},"7":{"start":{"line":10,"column":2},"end":{"line":10,"column":38}},"8":{"start":{"line":11,"column":2},"end":{"line":14,"column":4}},"9":{"start":{"line":15,"column":2},"end":{"line":15,"column":21}},"10":{"start":{"line":17,"column":2},"end":{"line":19,"column":3}},"11":{"start":{"line":18,"column":4},"end":{"line":18,"column":69}},"12":{"start":{"line":21,"column":2},"end":{"line":21,"column":9}}},"branchMap":{"1":{"line":17,"type":"if","locations":[{"start":{"line":17,"column":2},"end":{"line":17,"column":2}},{"start":{"line":17,"column":2},"end":{"line":17,"column":2}}]},"2":{"line":17,"type":"binary-expr","locations":[{"start":{"line":17,"column":6},"end":{"line":17,"column":24}},{"start":{"line":17,"column":28},"end":{"line":17,"column":46}}]}},"l":{"3":1,"5":1,"6":2,"7":2,"8":2,"9":2,"10":2,"11":2,"15":2,"17":2,"18":0,"21":2}},
"/home/jeff/cf/401/week-9/eventure-server/lib/signup.js":{"path":"/home/jeff/cf/401/week-9/eventure-server/lib/signup.js","s":{"1":1,"2":1,"3":1,"4":1,"5":1,"6":0,"7":1,"8":1,"9":0,"10":1,"11":1,"12":1,"13":1,"14":1,"15":1,"16":1,"17":1,"18":0,"19":1},"b":{"1":[0,1],"2":[1,1,1],"3":[0,1]},"f":{"1":1},"fnMap":{"1":{"name":"(anonymous_1)","line":6,"loc":{"start":{"line":6,"column":15},"end":{"line":6,"column":29}}}},"statementMap":{"1":{"start":{"line":3,"column":0},"end":{"line":3,"column":39}},"2":{"start":{"line":4,"column":0},"end":{"line":4,"column":41}},"3":{"start":{"line":6,"column":0},"end":{"line":24,"column":2}},"4":{"start":{"line":7,"column":2},"end":{"line":23,"column":5}},"5":{"start":{"line":8,"column":4},"end":{"line":10,"column":5}},"6":{"start":{"line":9,"column":6},"end":{"line":9,"column":69}},"7":{"start":{"line":11,"column":4},"end":{"line":11,"column":29}},"8":{"start":{"line":12,"column":4},"end":{"line":13,"column":35}},"9":{"start":{"line":13,"column":6},"end":{"line":13,"column":35}},"10":{"start":{"line":14,"column":4},"end":{"line":14,"column":41}},"11":{"start":{"line":15,"column":4},"end":{"line":15,"column":39}},"12":{"start":{"line":16,"column":4},"end":{"line":16,"column":41}},"13":{"start":{"line":17,"column":4},"end":{"line":17,"column":45}},"14":{"start":{"line":18,"column":4},"end":{"line":22,"column":31}},"15":{"start":{"line":19,"column":21},"end":{"line":19,"column":35}},"16":{"start":{"line":20,"column":21},"end":{"line":20,"column":44}},"17":{"start":{"line":21,"column":19},"end":{"line":21,"column":187}},"18":{"start":{"line":22,"column":18},"end":{"line":22,"column":29}},"19":{"start":{"line":26,"column":0},"end":{"line":26,"column":24}}},"branchMap":{"1":{"line":8,"type":"if","locations":[{"start":{"line":8,"column":4},"end":{"line":8,"column":4}},{"start":{"line":8,"column":4},"end":{"line":8,"column":4}}]},"2":{"line":8,"type":"binary-expr","locations":[{"start":{"line":8,"column":7},"end":{"line":8,"column":25}},{"start":{"line":8,"column":29},"end":{"line":8,"column":47}},{"start":{"line":8,"column":51},"end":{"line":8,"column":66}}]},"3":{"line":12,"type":"if","locations":[{"start":{"line":12,"column":4},"end":{"line":12,"column":4}},{"start":{"line":12,"column":4},"end":{"line":12,"column":4}}]}},"l":{"3":1,"4":1,"6":1,"7":1,"8":1,"9":0,"11":1,"12":1,"13":0,"14":1,"15":1,"16":1,"17":1,"18":1,"19":1,"20":1,"21":1,"22":0,"26":1}},
"/home/jeff/cf/401/week-9/eventure-server/models/User.js":{"path":"/home/jeff/cf/401/week-9/eventure-server/models/User.js","s":{"1":1,"2":1,"3":1,"4":1,"5":1,"6":1,"7":1,"8":1,"9":2,"10":2,"11":2,"12":0,"13":2,"14":2,"15":1,"16":1,"17":1,"18":0,"19":1,"20":0,"21":1,"22":3,"23":3,"24":3,"25":3,"26":0,"27":3,"28":3,"29":3,"30":0,"31":0,"32":1},"b":{"1":[0,2],"2":[0,1],"3":[0,1]},"f":{"1":2,"2":1,"3":3,"4":3,"5":0},"fnMap":{"1":{"name":"(anonymous_1)","line":23,"loc":{"start":{"line":23,"column":16},"end":{"line":23,"column":35}}},"2":{"name":"(anonymous_2)","line":34,"loc":{"start":{"line":34,"column":19},"end":{"line":34,"column":38}}},"3":{"name":"(anonymous_3)","line":48,"loc":{"start":{"line":48,"column":20},"end":{"line":48,"column":31}}},"4":{"name":"(anonymous_4)","line":61,"loc":{"start":{"line":61,"column":17},"end":{"line":61,"column":28}}},"5":{"name":"(anonymous_5)","line":73,"loc":{"start":{"line":73,"column":10},"end":{"line":73,"column":27}}}},"statementMap":{"1":{"start":{"line":2,"column":0},"end":{"line":2,"column":37}},"2":{"start":{"line":3,"column":0},"end":{"line":3,"column":31}},"3":{"start":{"line":4,"column":0},"end":{"line":4,"column":33}},"4":{"start":{"line":5,"column":0},"end":{"line":5,"column":33}},"5":{"start":{"line":6,"column":0},"end":{"line":6,"column":36}},"6":{"start":{"line":7,"column":0},"end":{"line":7,"column":41}},"7":{"start":{"line":9,"column":0},"end":{"line":20,"column":3}},"8":{"start":{"line":22,"column":0},"end":{"line":76,"column":2}},"9":{"start":{"line":24,"column":4},"end":{"line":31,"column":7}},"10":{"start":{"line":25,"column":6},"end":{"line":30,"column":9}},"11":{"start":{"line":26,"column":8},"end":{"line":27,"column":29}},"12":{"start":{"line":27,"column":10},"end":{"line":27,"column":29}},"13":{"start":{"line":28,"column":8},"end":{"line":28,"column":35}},"14":{"start":{"line":29,"column":8},"end":{"line":29,"column":22}},"15":{"start":{"line":35,"column":4},"end":{"line":44,"column":7}},"16":{"start":{"line":36,"column":6},"end":{"line":43,"column":9}},"17":{"start":{"line":37,"column":8},"end":{"line":38,"column":29}},"18":{"start":{"line":38,"column":10},"end":{"line":38,"column":29}},"19":{"start":{"line":39,"column":8},"end":{"line":40,"column":67}},"20":{"start":{"line":40,"column":10},"end":{"line":40,"column":67}},"21":{"start":{"line":41,"column":8},"end":{"line":41,"column":22}},"22":{"start":{"line":49,"column":4},"end":{"line":58,"column":7}},"23":{"start":{"line":50,"column":6},"end":{"line":50,"column":67}},"24":{"start":{"line":51,"column":6},"end":{"line":57,"column":11}},"25":{"start":{"line":53,"column":10},"end":{"line":53,"column":39}},"26":{"start":{"line":56,"column":10},"end":{"line":56,"column":22}},"27":{"start":{"line":62,"column":4},"end":{"line":70,"column":7}},"28":{"start":{"line":63,"column":6},"end":{"line":69,"column":11}},"29":{"start":{"line":65,"column":10},"end":{"line":65,"column":82}},"30":{"start":{"line":68,"column":10},"end":{"line":68,"column":22}},"31":{"start":{"line":74,"column":4},"end":{"line":74,"column":32}},"32":{"start":{"line":78,"column":0},"end":{"line":78,"column":52}}},"branchMap":{"1":{"line":26,"type":"if","locations":[{"start":{"line":26,"column":8},"end":{"line":26,"column":8}},{"start":{"line":26,"column":8},"end":{"line":26,"column":8}}]},"2":{"line":37,"type":"if","locations":[{"start":{"line":37,"column":8},"end":{"line":37,"column":8}},{"start":{"line":37,"column":8},"end":{"line":37,"column":8}}]},"3":{"line":39,"type":"if","locations":[{"start":{"line":39,"column":8},"end":{"line":39,"column":8}},{"start":{"line":39,"column":8},"end":{"line":39,"column":8}}]}},"l":{"2":1,"3":1,"4":1,"5":1,"6":1,"7":1,"9":1,"22":1,"24":2,"25":2,"26":2,"27":0,"28":2,"29":2,"35":1,"36":1,"37":1,"38":0,"39":1,"40":0,"41":1,"49":3,"50":3,"51":3,"53":3,"56":0,"62":3,"63":3,"65":3,"68":0,"74":0,"78":1}},
"/home/jeff/cf/401/week-9/eventure-server/lib/signin.js":{"path":"/home/jeff/cf/401/week-9/eventure-server/lib/signin.js","s":{"1":1,"2":1,"3":1,"4":2,"5":2,"6":2,"7":1,"8":1,"9":1,"10":1,"11":0,"12":1},"b":{"1":[1,1]},"f":{"1":2},"fnMap":{"1":{"name":"(anonymous_1)","line":6,"loc":{"start":{"line":6,"column":13},"end":{"line":6,"column":27}}}},"statementMap":{"1":{"start":{"line":3,"column":0},"end":{"line":3,"column":39}},"2":{"start":{"line":4,"column":0},"end":{"line":4,"column":41}},"3":{"start":{"line":6,"column":0},"end":{"line":19,"column":2}},"4":{"start":{"line":7,"column":2},"end":{"line":18,"column":5}},"5":{"start":{"line":8,"column":4},"end":{"line":17,"column":7}},"6":{"start":{"line":10,"column":6},"end":{"line":11,"column":54}},"7":{"start":{"line":11,"column":8},"end":{"line":11,"column":54}},"8":{"start":{"line":13,"column":6},"end":{"line":16,"column":33}},"9":{"start":{"line":14,"column":20},"end":{"line":14,"column":40}},"10":{"start":{"line":15,"column":21},"end":{"line":15,"column":174}},"11":{"start":{"line":16,"column":20},"end":{"line":16,"column":31}},"12":{"start":{"line":21,"column":0},"end":{"line":21,"column":24}}},"branchMap":{"1":{"line":10,"type":"if","locations":[{"start":{"line":10,"column":6},"end":{"line":10,"column":6}},{"start":{"line":10,"column":6},"end":{"line":10,"column":6}}]}},"l":{"3":1,"4":1,"6":1,"7":2,"8":2,"10":2,"11":1,"13":1,"14":1,"15":1,"16":0,"21":1}},
"/home/jeff/cf/401/week-9/eventure-server/routes/event-router.js":{"path":"/home/jeff/cf/401/week-9/eventure-server/routes/event-router.js","s":{"1":1,"2":1,"3":1,"4":1,"5":1,"6":1,"7":1,"8":1,"9":1,"10":1,"11":1,"12":1,"13":1,"14":1,"15":1,"16":1,"17":1,"18":1,"19":1,"20":1,"21":1,"22":1,"23":1,"24":0,"25":1,"26":1,"27":0,"28":0,"29":0,"30":1,"31":0,"32":0,"33":0,"34":0,"35":0,"36":0,"37":0,"38":0,"39":0,"40":0,"41":0,"42":1,"43":0,"44":0,"45":0,"46":0,"47":0,"48":1,"49":0,"50":0,"51":0,"52":0,"53":0,"54":0,"55":0,"56":0,"57":1,"58":0,"59":0,"60":0,"61":0,"62":0,"63":0,"64":0,"65":0,"66":1,"67":0,"68":0,"69":0,"70":0,"71":0,"72":0},"b":{"1":[0,1],"2":[0,0],"3":[0,0],"4":[0,0],"5":[0,0],"6":[0,0]},"f":{},"fnMap":{},"statementMap":{"1":{"start":{"line":3,"column":0},"end":{"line":3,"column":22}},"2":{"start":{"line":4,"column":0},"end":{"line":4,"column":22}},"3":{"start":{"line":6,"column":0},"end":{"line":6,"column":41}},"4":{"start":{"line":7,"column":0},"end":{"line":7,"column":49}},"5":{"start":{"line":8,"column":0},"end":{"line":8,"column":44}},"6":{"start":{"line":9,"column":0},"end":{"line":9,"column":41}},"7":{"start":{"line":10,"column":0},"end":{"line":10,"column":62}},"8":{"start":{"line":11,"column":0},"end":{"line":11,"column":54}},"9":{"start":{"line":13,"column":0},"end":{"line":13,"column":56}},"10":{"start":{"line":15,"column":0},"end":{"line":24,"column":3}},"11":{"start":{"line":16,"column":2},"end":{"line":16,"column":42}},"12":{"start":{"line":17,"column":2},"end":{"line":17,"column":33}},"13":{"start":{"line":18,"column":2},"end":{"line":18,"column":40}},"14":{"start":{"line":19,"column":2},"end":{"line":23,"column":15}},"15":{"start":{"line":21,"column":4},"end":{"line":21,"column":19}},"16":{"start":{"line":26,"column":0},"end":{"line":33,"column":3}},"17":{"start":{"line":27,"column":2},"end":{"line":32,"column":15}},"18":{"start":{"line":29,"column":4},"end":{"line":29,"column":33}},"19":{"start":{"line":30,"column":4},"end":{"line":30,"column":18}},"20":{"start":{"line":35,"column":0},"end":{"line":45,"column":3}},"21":{"start":{"line":36,"column":2},"end":{"line":36,"column":51}},"22":{"start":{"line":37,"column":2},"end":{"line":44,"column":15}},"23":{"start":{"line":39,"column":4},"end":{"line":41,"column":5}},"24":{"start":{"line":40,"column":6},"end":{"line":40,"column":54}},"25":{"start":{"line":42,"column":4},"end":{"line":42,"column":18}},"26":{"start":{"line":47,"column":0},"end":{"line":55,"column":3}},"27":{"start":{"line":48,"column":2},"end":{"line":48,"column":66}},"28":{"start":{"line":49,"column":2},"end":{"line":54,"column":15}},"29":{"start":{"line":52,"column":4},"end":{"line":52,"column":17}},"30":{"start":{"line":57,"column":0},"end":{"line":82,"column":3}},"31":{"start":{"line":58,"column":2},"end":{"line":58,"column":30}},"32":{"start":{"line":59,"column":2},"end":{"line":81,"column":15}},"33":{"start":{"line":61,"column":4},"end":{"line":79,"column":7}},"34":{"start":{"line":63,"column":6},"end":{"line":78,"column":9}},"35":{"start":{"line":65,"column":8},"end":{"line":67,"column":11}},"36":{"start":{"line":66,"column":10},"end":{"line":66,"column":38}},"37":{"start":{"line":69,"column":8},"end":{"line":71,"column":11}},"38":{"start":{"line":70,"column":10},"end":{"line":70,"column":38}},"39":{"start":{"line":73,"column":8},"end":{"line":75,"column":11}},"40":{"start":{"line":74,"column":10},"end":{"line":74,"column":38}},"41":{"start":{"line":77,"column":8},"end":{"line":77,"column":35}},"42":{"start":{"line":84,"column":0},"end":{"line":96,"column":3}},"43":{"start":{"line":85,"column":2},"end":{"line":85,"column":53}},"44":{"start":{"line":86,"column":2},"end":{"line":95,"column":17}},"45":{"start":{"line":90,"column":6},"end":{"line":92,"column":7}},"46":{"start":{"line":91,"column":8},"end":{"line":91,"column":55}},"47":{"start":{"line":93,"column":6},"end":{"line":93,"column":21}},"48":{"start":{"line":99,"column":0},"end":{"line":117,"column":3}},"49":{"start":{"line":100,"column":2},"end":{"line":100,"column":53}},"50":{"start":{"line":101,"column":2},"end":{"line":116,"column":15}},"51":{"start":{"line":103,"column":4},"end":{"line":105,"column":5}},"52":{"start":{"line":104,"column":6},"end":{"line":104,"column":57}},"53":{"start":{"line":107,"column":4},"end":{"line":109,"column":5}},"54":{"start":{"line":108,"column":6},"end":{"line":108,"column":61}},"55":{"start":{"line":111,"column":4},"end":{"line":114,"column":7}},"56":{"start":{"line":113,"column":6},"end":{"line":113,"column":19}},"57":{"start":{"line":120,"column":0},"end":{"line":138,"column":3}},"58":{"start":{"line":121,"column":2},"end":{"line":121,"column":56}},"59":{"start":{"line":122,"column":2},"end":{"line":137,"column":15}},"60":{"start":{"line":124,"column":4},"end":{"line":126,"column":5}},"61":{"start":{"line":125,"column":6},"end":{"line":125,"column":57}},"62":{"start":{"line":128,"column":4},"end":{"line":130,"column":5}},"63":{"start":{"line":129,"column":6},"end":{"line":129,"column":61}},"64":{"start":{"line":132,"column":4},"end":{"line":135,"column":7}},"65":{"start":{"line":134,"column":6},"end":{"line":134,"column":19}},"66":{"start":{"line":140,"column":0},"end":{"line":155,"column":3}},"67":{"start":{"line":141,"column":2},"end":{"line":141,"column":66}},"68":{"start":{"line":142,"column":2},"end":{"line":142,"column":32}},"69":{"start":{"line":143,"column":2},"end":{"line":143,"column":65}},"70":{"start":{"line":145,"column":2},"end":{"line":154,"column":15}},"71":{"start":{"line":151,"column":4},"end":{"line":151,"column":20}},"72":{"start":{"line":152,"column":4},"end":{"line":152,"column":25}}},"branchMap":{"1":{"line":39,"type":"if","locations":[{"start":{"line":39,"column":4},"end":{"line":39,"column":4}},{"start":{"line":39,"column":4},"end":{"line":39,"column":4}}]},"2":{"line":90,"type":"if","locations":[{"start":{"line":90,"column":6},"end":{"line":90,"column":6}},{"start":{"line":90,"column":6},"end":{"line":90,"column":6}}]},"3":{"line":103,"type":"if","locations":[{"start":{"line":103,"column":4},"end":{"line":103,"column":4}},{"start":{"line":103,"column":4},"end":{"line":103,"column":4}}]},"4":{"line":107,"type":"if","locations":[{"start":{"line":107,"column":4},"end":{"line":107,"column":4}},{"start":{"line":107,"column":4},"end":{"line":107,"column":4}}]},"5":{"line":124,"type":"if","locations":[{"start":{"line":124,"column":4},"end":{"line":124,"column":4}},{"start":{"line":124,"column":4},"end":{"line":124,"column":4}}]},"6":{"line":128,"type":"if","locations":[{"start":{"line":128,"column":4},"end":{"line":128,"column":4}},{"start":{"line":128,"column":4},"end":{"line":128,"column":4}}]}},"l":{"3":1,"4":1,"6":1,"7":1,"8":1,"9":1,"10":1,"11":1,"13":1,"15":1,"16":1,"17":1,"18":1,"19":1,"21":1,"26":1,"27":1,"29":1,"30":1,"35":1,"36":1,"37":1,"39":1,"40":0,"42":1,"47":1,"48":0,"49":0,"52":0,"57":1,"58":0,"59":0,"61":0,"63":0,"65":0,"66":0,"69":0,"70":0,"73":0,"74":0,"77":0,"84":1,"85":0,"86":0,"90":0,"91":0,"93":0,"99":1,"100":0,"101":0,"103":0,"104":0,"107":0,"108":0,"111":0,"113":0,"120":1,"121":0,"122":0,"124":0,"125":0,"128":0,"129":0,"132":0,"134":0,"140":1,"141":0,"142":0,"143":0,"145":0,"151":0,"152":0}},
"/home/jeff/cf/401/week-9/eventure-server/models/Event.js":{"path":"/home/jeff/cf/401/week-9/eventure-server/models/Event.js","s":{"1":1,"2":1,"3":1,"4":1,"5":0,"6":0,"7":0,"8":0,"9":1},"b":{"1":[0,0]},"f":{"1":0,"2":0},"fnMap":{"1":{"name":"(anonymous_1)","line":26,"loc":{"start":{"line":26,"column":16},"end":{"line":26,"column":33}}},"2":{"name":"(anonymous_2)","line":30,"loc":{"start":{"line":30,"column":19},"end":{"line":30,"column":36}}}},"statementMap":{"1":{"start":{"line":2,"column":0},"end":{"line":2,"column":37}},"2":{"start":{"line":3,"column":0},"end":{"line":3,"column":31}},"3":{"start":{"line":5,"column":0},"end":{"line":22,"column":3}},"4":{"start":{"line":25,"column":0},"end":{"line":37,"column":2}},"5":{"start":{"line":27,"column":4},"end":{"line":27,"column":32}},"6":{"start":{"line":31,"column":4},"end":{"line":35,"column":7}},"7":{"start":{"line":32,"column":6},"end":{"line":34,"column":7}},"8":{"start":{"line":33,"column":8},"end":{"line":33,"column":38}},"9":{"start":{"line":39,"column":0},"end":{"line":39,"column":54}}},"branchMap":{"1":{"line":32,"type":"if","locations":[{"start":{"line":32,"column":6},"end":{"line":32,"column":6}},{"start":{"line":32,"column":6},"end":{"line":32,"column":6}}]}},"l":{"2":1,"3":1,"5":1,"25":1,"27":0,"31":0,"32":0,"33":0,"39":1}},
"/home/jeff/cf/401/week-9/eventure-server/lib/auth-bearer-parser.js":{"path":"/home/jeff/cf/401/week-9/eventure-server/lib/auth-bearer-parser.js","s":{"1":1,"2":1,"3":1,"4":1,"5":4,"6":4,"7":4,"8":2,"9":2,"10":2,"11":1,"12":1,"13":1,"14":0,"15":1,"16":1,"17":0,"18":1,"19":1,"20":1,"21":0,"22":3},"b":{"1":[2,2],"2":[1,1],"3":[0,1],"4":[0,1]},"f":{"1":4},"fnMap":{"1":{"name":"(anonymous_1)","line":7,"loc":{"start":{"line":7,"column":17},"end":{"line":7,"column":42}}}},"statementMap":{"1":{"start":{"line":3,"column":0},"end":{"line":3,"column":36}},"2":{"start":{"line":4,"column":0},"end":{"line":4,"column":39}},"3":{"start":{"line":5,"column":0},"end":{"line":5,"column":41}},"4":{"start":{"line":7,"column":0},"end":{"line":32,"column":2}},"5":{"start":{"line":8,"column":2},"end":{"line":31,"column":27}},"6":{"start":{"line":9,"column":4},"end":{"line":9,"column":47}},"7":{"start":{"line":10,"column":4},"end":{"line":11,"column":53}},"8":{"start":{"line":11,"column":6},"end":{"line":11,"column":53}},"9":{"start":{"line":12,"column":4},"end":{"line":12,"column":39}},"10":{"start":{"line":13,"column":4},"end":{"line":14,"column":60}},"11":{"start":{"line":14,"column":6},"end":{"line":14,"column":60}},"12":{"start":{"line":16,"column":4},"end":{"line":16,"column":68}},"13":{"start":{"line":18,"column":4},"end":{"line":19,"column":58}},"14":{"start":{"line":19,"column":6},"end":{"line":19,"column":58}},"15":{"start":{"line":21,"column":4},"end":{"line":29,"column":31}},"16":{"start":{"line":23,"column":6},"end":{"line":24,"column":56}},"17":{"start":{"line":24,"column":8},"end":{"line":24,"column":56}},"18":{"start":{"line":25,"column":6},"end":{"line":25,"column":22}},"19":{"start":{"line":26,"column":6},"end":{"line":26,"column":20}},"20":{"start":{"line":27,"column":6},"end":{"line":27,"column":13}},"21":{"start":{"line":29,"column":18},"end":{"line":29,"column":29}},"22":{"start":{"line":31,"column":16},"end":{"line":31,"column":25}}},"branchMap":{"1":{"line":10,"type":"if","locations":[{"start":{"line":10,"column":4},"end":{"line":10,"column":4}},{"start":{"line":10,"column":4},"end":{"line":10,"column":4}}]},"2":{"line":13,"type":"if","locations":[{"start":{"line":13,"column":4},"end":{"line":13,"column":4}},{"start":{"line":13,"column":4},"end":{"line":13,"column":4}}]},"3":{"line":18,"type":"if","locations":[{"start":{"line":18,"column":4},"end":{"line":18,"column":4}},{"start":{"line":18,"column":4},"end":{"line":18,"column":4}}]},"4":{"line":23,"type":"if","locations":[{"start":{"line":23,"column":6},"end":{"line":23,"column":6}},{"start":{"line":23,"column":6},"end":{"line":23,"column":6}}]}},"l":{"3":1,"4":1,"5":1,"7":1,"8":4,"9":4,"10":4,"11":2,"12":2,"13":2,"14":1,"16":1,"18":1,"19":0,"21":1,"23":1,"24":0,"25":1,"26":1,"27":1,"29":0,"31":3}},
"/home/jeff/cf/401/week-9/eventure-server/lib/authorization.js":{"path":"/home/jeff/cf/401/week-9/eventure-server/lib/authorization.js","s":{"1":1,"2":1,"3":6,"4":6,"5":1,"6":1,"7":0,"8":1,"9":0,"10":1,"11":0,"12":1,"13":0},"b":{"1":[6,0],"2":[0,1],"3":[0,1],"4":[0,1]},"f":{"1":6,"2":1},"fnMap":{"1":{"name":"(anonymous_1)","line":4,"loc":{"start":{"line":4,"column":27},"end":{"line":4,"column":43}}},"2":{"name":"(anonymous_2)","line":6,"loc":{"start":{"line":6,"column":9},"end":{"line":6,"column":34}}}},"statementMap":{"1":{"start":{"line":2,"column":0},"end":{"line":2,"column":41}},"2":{"start":{"line":4,"column":0},"end":{"line":19,"column":2}},"3":{"start":{"line":5,"column":2},"end":{"line":5,"column":22}},"4":{"start":{"line":6,"column":2},"end":{"line":18,"column":4}},"5":{"start":{"line":7,"column":4},"end":{"line":17,"column":29}},"6":{"start":{"line":8,"column":6},"end":{"line":9,"column":55}},"7":{"start":{"line":9,"column":8},"end":{"line":9,"column":55}},"8":{"start":{"line":10,"column":6},"end":{"line":10,"column":54}},"9":{"start":{"line":10,"column":37},"end":{"line":10,"column":54}},"10":{"start":{"line":11,"column":6},"end":{"line":13,"column":7}},"11":{"start":{"line":12,"column":8},"end":{"line":12,"column":74}},"12":{"start":{"line":14,"column":6},"end":{"line":14,"column":16}},"13":{"start":{"line":17,"column":18},"end":{"line":17,"column":27}}},"branchMap":{"1":{"line":5,"type":"binary-expr","locations":[{"start":{"line":5,"column":10},"end":{"line":5,"column":15}},{"start":{"line":5,"column":19},"end":{"line":5,"column":21}}]},"2":{"line":8,"type":"if","locations":[{"start":{"line":8,"column":6},"end":{"line":8,"column":6}},{"start":{"line":8,"column":6},"end":{"line":8,"column":6}}]},"3":{"line":10,"type":"if","locations":[{"start":{"line":10,"column":6},"end":{"line":10,"column":6}},{"start":{"line":10,"column":6},"end":{"line":10,"column":6}}]},"4":{"line":11,"type":"if","locations":[{"start":{"line":11,"column":6},"end":{"line":11,"column":6}},{"start":{"line":11,"column":6},"end":{"line":11,"column":6}}]}},"l":{"2":1,"4":1,"5":6,"6":6,"7":1,"8":1,"9":0,"10":1,"11":1,"12":0,"14":1,"17":0}}}
