TN:
SF:/home/jeff/cf/401/week-9/eventure-server/lib/promise.js
FNF:0
FNH:0
DA:1,1
LF:1
LH:1
BRDA:1,1,0,1
BRDA:1,1,1,0
BRF:2
BRH:1
end_of_record
TN:
SF:/home/jeff/cf/401/week-9/eventure-server/lib/error-handler.js
FN:3,(anonymous_1)
FNF:1
FNH:1
FNDA:4,(anonymous_1)
DA:3,1
DA:4,4
DA:5,4
DA:6,4
DA:7,4
DA:9,0
LF:6
LH:5
BRDA:5,1,0,4
BRDA:5,1,1,0
BRF:2
BRH:1
end_of_record
TN:
SF:/home/jeff/cf/401/week-9/eventure-server/routes/auth-router.js
FNF:0
FNH:0
DA:3,1
DA:4,1
DA:5,1
DA:6,1
DA:7,1
DA:8,1
DA:10,1
DA:11,1
DA:12,1
DA:16,1
DA:17,2
DA:18,1
LF:12
LH:12
BRF:0
BRH:0
end_of_record
TN:
SF:/home/jeff/cf/401/week-9/eventure-server/lib/auth-basic-parser.js
FN:5,(anonymous_1)
FNF:1
FNH:1
FNDA:2,(anonymous_1)
DA:3,1
DA:5,1
DA:6,2
DA:7,2
DA:8,2
DA:9,2
DA:10,2
DA:11,2
DA:15,2
DA:17,2
DA:18,0
DA:21,2
LF:12
LH:11
BRDA:17,1,0,0
BRDA:17,1,1,2
BRDA:17,2,0,2
BRDA:17,2,1,2
BRF:4
BRH:3
end_of_record
TN:
SF:/home/jeff/cf/401/week-9/eventure-server/lib/signup.js
FN:6,(anonymous_1)
FNF:1
FNH:1
FNDA:1,(anonymous_1)
DA:3,1
DA:4,1
DA:6,1
DA:7,1
DA:8,1
DA:9,0
DA:11,1
DA:12,1
DA:13,0
DA:14,1
DA:15,1
DA:16,1
DA:17,1
DA:18,1
DA:19,1
DA:20,1
DA:21,1
DA:22,0
DA:26,1
LF:19
LH:16
BRDA:8,1,0,0
BRDA:8,1,1,1
BRDA:8,2,0,1
BRDA:8,2,1,1
BRDA:8,2,2,1
BRDA:12,3,0,0
BRDA:12,3,1,1
BRF:7
BRH:5
end_of_record
TN:
SF:/home/jeff/cf/401/week-9/eventure-server/models/User.js
FN:23,(anonymous_1)
FN:34,(anonymous_2)
FN:48,(anonymous_3)
FN:61,(anonymous_4)
FN:73,(anonymous_5)
FNF:5
FNH:4
FNDA:2,(anonymous_1)
FNDA:1,(anonymous_2)
FNDA:3,(anonymous_3)
FNDA:3,(anonymous_4)
FNDA:0,(anonymous_5)
DA:2,1
DA:3,1
DA:4,1
DA:5,1
DA:6,1
DA:7,1
DA:9,1
DA:22,1
DA:24,2
DA:25,2
DA:26,2
DA:27,0
DA:28,2
DA:29,2
DA:35,1
DA:36,1
DA:37,1
DA:38,0
DA:39,1
DA:40,0
DA:41,1
DA:49,3
DA:50,3
DA:51,3
DA:53,3
DA:56,0
DA:62,3
DA:63,3
DA:65,3
DA:68,0
DA:74,0
DA:78,1
LF:32
LH:26
BRDA:26,1,0,0
BRDA:26,1,1,2
BRDA:37,2,0,0
BRDA:37,2,1,1
BRDA:39,3,0,0
BRDA:39,3,1,1
BRF:6
BRH:3
end_of_record
TN:
SF:/home/jeff/cf/401/week-9/eventure-server/lib/signin.js
FN:6,(anonymous_1)
FNF:1
FNH:1
FNDA:2,(anonymous_1)
DA:3,1
DA:4,1
DA:6,1
DA:7,2
DA:8,2
DA:10,2
DA:11,1
DA:13,1
DA:14,1
DA:15,1
DA:16,0
DA:21,1
LF:12
LH:11
BRDA:10,1,0,1
BRDA:10,1,1,1
BRF:2
BRH:2
end_of_record
TN:
SF:/home/jeff/cf/401/week-9/eventure-server/routes/event-router.js
FNF:0
FNH:0
DA:3,1
DA:4,1
DA:6,1
DA:7,1
DA:8,1
DA:9,1
DA:10,1
DA:11,1
DA:13,1
DA:15,1
DA:16,1
DA:17,1
DA:18,1
DA:19,1
DA:21,1
DA:26,1
DA:27,1
DA:29,1
DA:30,1
DA:35,1
DA:36,1
DA:37,1
DA:39,1
DA:40,0
DA:42,1
DA:47,1
DA:48,0
DA:49,0
DA:52,0
DA:57,1
DA:58,0
DA:59,0
DA:61,0
DA:63,0
DA:65,0
DA:66,0
DA:69,0
DA:70,0
DA:73,0
DA:74,0
DA:77,0
DA:84,1
DA:85,0
DA:86,0
DA:90,0
DA:91,0
DA:93,0
DA:99,1
DA:100,0
DA:101,0
DA:103,0
DA:104,0
DA:107,0
DA:108,0
DA:111,0
DA:113,0
DA:120,1
DA:121,0
DA:122,0
DA:124,0
DA:125,0
DA:128,0
DA:129,0
DA:132,0
DA:134,0
DA:140,1
DA:141,0
DA:142,0
DA:143,0
DA:145,0
DA:151,0
DA:152,0
LF:72
LH:30
BRDA:39,1,0,0
BRDA:39,1,1,1
BRDA:90,2,0,0
BRDA:90,2,1,0
BRDA:103,3,0,0
BRDA:103,3,1,0
BRDA:107,4,0,0
BRDA:107,4,1,0
BRDA:124,5,0,0
BRDA:124,5,1,0
BRDA:128,6,0,0
BRDA:128,6,1,0
BRF:12
BRH:1
end_of_record
TN:
SF:/home/jeff/cf/401/week-9/eventure-server/models/Event.js
FN:26,(anonymous_1)
FN:30,(anonymous_2)
FNF:2
FNH:0
FNDA:0,(anonymous_1)
FNDA:0,(anonymous_2)
DA:2,1
DA:3,1
DA:5,1
DA:25,1
DA:27,0
DA:31,0
DA:32,0
DA:33,0
DA:39,1
LF:9
LH:5
BRDA:32,1,0,0
BRDA:32,1,1,0
BRF:2
BRH:0
end_of_record
TN:
SF:/home/jeff/cf/401/week-9/eventure-server/lib/auth-bearer-parser.js
FN:7,(anonymous_1)
FNF:1
FNH:1
FNDA:4,(anonymous_1)
DA:3,1
DA:4,1
DA:5,1
DA:7,1
DA:8,4
DA:9,4
DA:10,4
DA:11,2
DA:12,2
DA:13,2
DA:14,1
DA:16,1
DA:18,1
DA:19,0
DA:21,1
DA:23,1
DA:24,0
DA:25,1
DA:26,1
DA:27,1
DA:29,0
DA:31,3
LF:22
LH:19
BRDA:10,1,0,2
BRDA:10,1,1,2
BRDA:13,2,0,1
BRDA:13,2,1,1
BRDA:18,3,0,0
BRDA:18,3,1,1
BRDA:23,4,0,0
BRDA:23,4,1,1
BRF:8
BRH:6
end_of_record
TN:
SF:/home/jeff/cf/401/week-9/eventure-server/lib/authorization.js
FN:4,(anonymous_1)
FN:6,(anonymous_2)
FNF:2
FNH:2
FNDA:6,(anonymous_1)
FNDA:1,(anonymous_2)
DA:2,1
DA:4,1
DA:5,6
DA:6,6
DA:7,1
DA:8,1
DA:9,0
DA:10,1
DA:11,1
DA:12,0
DA:14,1
DA:17,0
LF:12
LH:9
BRDA:5,1,0,6
BRDA:5,1,1,0
BRDA:8,2,0,0
BRDA:8,2,1,1
BRDA:10,3,0,0
BRDA:10,3,1,1
BRDA:11,4,0,0
BRDA:11,4,1,1
BRF:8
BRH:4
end_of_record
